COMMIT | 1 | ADD_PARTICIPANT | 1 | NO_INTERVAL
COMMIT | 2 | SET_LEADER | 1 | 30
PREPARE | 3 | OPAQUE_DECREE | Opaque Decree from 1 | NO_INTERVAL
COMMIT | 3 | OPAQUE_DECREE | Opaque Decree from 1 | NO_INTERVAL
PREPARE | 4 | OPAQUE_DECREE | Opaque Decree from 1 | NO_INTERVAL
COMMIT | 4 | OPAQUE_DECREE | Opaque Decree from 1 | NO_INTERVAL
PREPARE | 5 | OPAQUE_DECREE | Opaque Decree from 1 | NO_INTERVAL
COMMIT | 5 | OPAQUE_DECREE | Opaque Decree from 1 | NO_INTERVAL
PREPARE | 6 | OPAQUE_DECREE | Opaque Decree from 1 | NO_INTERVAL
COMMIT | 6 | OPAQUE_DECREE | Opaque Decree from 1 | NO_INTERVAL
PREPARE | 7 | ADD_PARTICIPANT | 4 | NO_INTERVAL
COMMIT | 7 | ADD_PARTICIPANT | 4 | NO_INTERVAL
PREPARE | 8 | ADD_PARTICIPANT | 3 | NO_INTERVAL
COMMIT | 8 | ADD_PARTICIPANT | 3 | NO_INTERVAL
PREPARE | 9 | OPAQUE_DECREE | Opaque Decree from 1 | NO_INTERVAL
COMMIT | 9 | OPAQUE_DECREE | Opaque Decree from 1 | NO_INTERVAL
PREPARE | 10 | ADD_PARTICIPANT | 2 | NO_INTERVAL
COMMIT | 10 | ADD_PARTICIPANT | 2 | NO_INTERVAL
PREPARE | 11 | OPAQUE_DECREE | Opaque Decree from 1 | NO_INTERVAL
COMMIT | 11 | OPAQUE_DECREE | Opaque Decree from 1 | NO_INTERVAL
PREPARE | 12 | OPAQUE_DECREE | Opaque Decree from 1 | NO_INTERVAL
COMMIT | 12 | OPAQUE_DECREE | Opaque Decree from 1 | NO_INTERVAL
PREPARE | 13 | OPAQUE_DECREE | Opaque Decree from 2 | NO_INTERVAL
COMMIT | 13 | OPAQUE_DECREE | Opaque Decree from 2 | NO_INTERVAL
PREPARE | 14 | OPAQUE_DECREE | Opaque Decree from 1 | NO_INTERVAL
COMMIT | 14 | OPAQUE_DECREE | Opaque Decree from 1 | NO_INTERVAL
PREPARE | 15 | OPAQUE_DECREE | Opaque Decree from 1 | NO_INTERVAL
COMMIT | 15 | OPAQUE_DECREE | Opaque Decree from 1 | NO_INTERVAL
PREPARE | 16 | OPAQUE_DECREE | Opaque Decree from 3 | NO_INTERVAL
COMMIT | 16 | OPAQUE_DECREE | Opaque Decree from 3 | NO_INTERVAL
PREPARE | 17 | OPAQUE_DECREE | Opaque Decree from 1 | NO_INTERVAL
COMMIT | 17 | OPAQUE_DECREE | Opaque Decree from 1 | NO_INTERVAL
PREPARE | 18 | OPAQUE_DECREE | Opaque Decree from 3 | NO_INTERVAL
COMMIT | 18 | OPAQUE_DECREE | Opaque Decree from 3 | NO_INTERVAL
PREPARE | 19 | OPAQUE_DECREE | Opaque Decree from 1 | NO_INTERVAL
COMMIT | 19 | OPAQUE_DECREE | Opaque Decree from 1 | NO_INTERVAL
PREPARE | 20 | OPAQUE_DECREE | Opaque Decree from 1 | NO_INTERVAL
COMMIT | 20 | OPAQUE_DECREE | Opaque Decree from 1 | NO_INTERVAL
PREPARE | 21 | OPAQUE_DECREE | Opaque Decree from 1 | NO_INTERVAL
COMMIT | 21 | OPAQUE_DECREE | Opaque Decree from 1 | NO_INTERVAL
PREPARE | 22 | OPAQUE_DECREE | Opaque Decree from 4 | NO_INTERVAL
COMMIT | 22 | OPAQUE_DECREE | Opaque Decree from 4 | NO_INTERVAL
PREPARE | 23 | OPAQUE_DECREE | Opaque Decree from 1 | NO_INTERVAL
COMMIT | 23 | OPAQUE_DECREE | Opaque Decree from 1 | NO_INTERVAL
PREPARE | 24 | OPAQUE_DECREE | Opaque Decree from 1 | NO_INTERVAL
COMMIT | 24 | OPAQUE_DECREE | Opaque Decree from 1 | NO_INTERVAL
PREPARE | 25 | OPAQUE_DECREE | Opaque Decree from 3 | NO_INTERVAL
COMMIT | 25 | OPAQUE_DECREE | Opaque Decree from 3 | NO_INTERVAL
PREPARE | 26 | OPAQUE_DECREE | Opaque Decree from 3 | NO_INTERVAL
COMMIT | 26 | OPAQUE_DECREE | Opaque Decree from 3 | NO_INTERVAL
PREPARE | 27 | OPAQUE_DECREE | Opaque Decree from 2 | NO_INTERVAL
COMMIT | 27 | OPAQUE_DECREE | Opaque Decree from 2 | NO_INTERVAL
PREPARE | 28 | OPAQUE_DECREE | Opaque Decree from 1 | NO_INTERVAL
COMMIT | 28 | OPAQUE_DECREE | Opaque Decree from 1 | NO_INTERVAL
PREPARE | 29 | OPAQUE_DECREE | Opaque Decree from 2 | NO_INTERVAL
COMMIT | 29 | OPAQUE_DECREE | Opaque Decree from 2 | NO_INTERVAL
PREPARE | 30 | OPAQUE_DECREE | Opaque Decree from 3 | NO_INTERVAL
COMMIT | 30 | OPAQUE_DECREE | Opaque Decree from 3 | NO_INTERVAL
PREPARE | 31 | OPAQUE_DECREE | Opaque Decree from 1 | NO_INTERVAL
COMMIT | 31 | OPAQUE_DECREE | Opaque Decree from 1 | NO_INTERVAL
PREPARE | 32 | OPAQUE_DECREE | Opaque Decree from 1 | NO_INTERVAL
COMMIT | 32 | OPAQUE_DECREE | Opaque Decree from 1 | NO_INTERVAL
PREPARE | 33 | OPAQUE_DECREE | Opaque Decree from 1 | NO_INTERVAL
COMMIT | 33 | OPAQUE_DECREE | Opaque Decree from 1 | NO_INTERVAL
PREPARE | 34 | OPAQUE_DECREE | Opaque Decree from 4 | NO_INTERVAL
COMMIT | 34 | OPAQUE_DECREE | Opaque Decree from 4 | NO_INTERVAL
PREPARE | 35 | OPAQUE_DECREE | Opaque Decree from 2 | NO_INTERVAL
COMMIT | 35 | OPAQUE_DECREE | Opaque Decree from 2 | NO_INTERVAL
PREPARE | 36 | OPAQUE_DECREE | Opaque Decree from 3 | NO_INTERVAL
COMMIT | 36 | OPAQUE_DECREE | Opaque Decree from 3 | NO_INTERVAL
PREPARE | 37 | OPAQUE_DECREE | Opaque Decree from 1 | NO_INTERVAL
COMMIT | 37 | OPAQUE_DECREE | Opaque Decree from 1 | NO_INTERVAL
PREPARE | 38 | OPAQUE_DECREE | Opaque Decree from 1 | NO_INTERVAL
COMMIT | 38 | OPAQUE_DECREE | Opaque Decree from 1 | NO_INTERVAL
PREPARE | 39 | OPAQUE_DECREE | Opaque Decree from 4 | NO_INTERVAL
COMMIT | 39 | OPAQUE_DECREE | Opaque Decree from 4 | NO_INTERVAL
PREPARE | 40 | OPAQUE_DECREE | Opaque Decree from 2 | NO_INTERVAL
COMMIT | 40 | OPAQUE_DECREE | Opaque Decree from 2 | NO_INTERVAL
PREPARE | 41 | OPAQUE_DECREE | Opaque Decree from 3 | NO_INTERVAL
COMMIT | 41 | OPAQUE_DECREE | Opaque Decree from 3 | NO_INTERVAL
PREPARE | 42 | OPAQUE_DECREE | Opaque Decree from 1 | NO_INTERVAL
COMMIT | 42 | OPAQUE_DECREE | Opaque Decree from 1 | NO_INTERVAL
PREPARE | 43 | OPAQUE_DECREE | Opaque Decree from 3 | NO_INTERVAL
COMMIT | 43 | OPAQUE_DECREE | Opaque Decree from 3 | NO_INTERVAL
PREPARE | 44 | OPAQUE_DECREE | Opaque Decree from 3 | NO_INTERVAL
COMMIT | 44 | OPAQUE_DECREE | Opaque Decree from 3 | NO_INTERVAL
PREPARE | 45 | OPAQUE_DECREE | Opaque Decree from 4 | NO_INTERVAL
COMMIT | 45 | OPAQUE_DECREE | Opaque Decree from 4 | NO_INTERVAL
PREPARE | 46 | OPAQUE_DECREE | Opaque Decree from 1 | NO_INTERVAL
COMMIT | 46 | OPAQUE_DECREE | Opaque Decree from 1 | NO_INTERVAL
PREPARE | 47 | OPAQUE_DECREE | Opaque Decree from 4 | NO_INTERVAL
COMMIT | 47 | OPAQUE_DECREE | Opaque Decree from 4 | NO_INTERVAL
PREPARE | 48 | OPAQUE_DECREE | Opaque Decree from 1 | NO_INTERVAL
COMMIT | 48 | OPAQUE_DECREE | Opaque Decree from 1 | NO_INTERVAL
PREPARE | 49 | OPAQUE_DECREE | Opaque Decree from 4 | NO_INTERVAL
COMMIT | 49 | OPAQUE_DECREE | Opaque Decree from 4 | NO_INTERVAL
PREPARE | 50 | OPAQUE_DECREE | Opaque Decree from 3 | NO_INTERVAL
COMMIT | 50 | OPAQUE_DECREE | Opaque Decree from 3 | NO_INTERVAL
PREPARE | 51 | OPAQUE_DECREE | Opaque Decree from 4 | NO_INTERVAL
COMMIT | 51 | OPAQUE_DECREE | Opaque Decree from 4 | NO_INTERVAL
PREPARE | 52 | OPAQUE_DECREE | Opaque Decree from 2 | NO_INTERVAL
COMMIT | 52 | OPAQUE_DECREE | Opaque Decree from 2 | NO_INTERVAL
PREPARE | 53 | OPAQUE_DECREE | Opaque Decree from 1 | NO_INTERVAL
COMMIT | 53 | OPAQUE_DECREE | Opaque Decree from 1 | NO_INTERVAL
PREPARE | 54 | OPAQUE_DECREE | Opaque Decree from 4 | NO_INTERVAL
COMMIT | 54 | OPAQUE_DECREE | Opaque Decree from 4 | NO_INTERVAL
PREPARE | 55 | OPAQUE_DECREE | Opaque Decree from 1 | NO_INTERVAL
COMMIT | 55 | OPAQUE_DECREE | Opaque Decree from 1 | NO_INTERVAL